<?xml version="1.0" encoding="UTF-8" ?>
<testsuite failures="0" time="1.715" errors="0" skipped="0" tests="2" name="mspace.service.BookServiceTest">
  <properties>
    <property name="java.runtime.name" value="Java(TM) SE Runtime Environment"/>
    <property name="sun.boot.library.path" value="/System/Library/Java/JavaVirtualMachines/1.6.0.jdk/Contents/Libraries"/>
    <property name="java.vm.version" value="20.4-b02-402"/>
    <property name="awt.nativeDoubleBuffering" value="true"/>
    <property name="gopherProxySet" value="false"/>
    <property name="mrj.build" value="11D50b"/>
    <property name="java.vm.vendor" value="Apple Inc."/>
    <property name="java.vendor.url" value="http://www.apple.com/"/>
    <property name="path.separator" value=":"/>
    <property name="java.vm.name" value="Java HotSpot(TM) 64-Bit Server VM"/>
    <property name="file.encoding.pkg" value="sun.io"/>
    <property name="user.country" value="US"/>
    <property name="sun.java.launcher" value="SUN_STANDARD"/>
    <property name="sun.os.patch.level" value="unknown"/>
    <property name="java.vm.specification.name" value="Java Virtual Machine Specification"/>
    <property name="user.dir" value="/Users/Thoughtworks/Desktop/Projects/Spring_Is_Fun"/>
    <property name="java.runtime.version" value="1.6.0_29-b11-402-11D50b"/>
    <property name="java.awt.graphicsenv" value="apple.awt.CGraphicsEnvironment"/>
    <property name="basedir" value="/Users/Thoughtworks/Desktop/Projects/Spring_Is_Fun"/>
    <property name="java.endorsed.dirs" value="/System/Library/Java/JavaVirtualMachines/1.6.0.jdk/Contents/Home/lib/endorsed"/>
    <property name="os.arch" value="x86_64"/>
    <property name="surefire.real.class.path" value="/Users/Thoughtworks/Desktop/Projects/Spring_Is_Fun/target/surefire/surefirebooter798871756417173914.jar"/>
    <property name="java.io.tmpdir" value="/var/folders/lv/mmsch1_16vx1v8w1p53lkmcm0000gn/T/"/>
    <property name="line.separator" value="
"/>
    <property name="java.vm.specification.vendor" value="Sun Microsystems Inc."/>
    <property name="os.name" value="Mac OS X"/>
    <property name="sun.jnu.encoding" value="MacRoman"/>
    <property name="java.library.path" value=".:/Library/Java/Extensions:/System/Library/Java/Extensions:/usr/lib/java"/>
    <property name="surefire.test.class.path" value="/Users/Thoughtworks/Desktop/Projects/Spring_Is_Fun/target/test-classes:/Users/Thoughtworks/Desktop/Projects/Spring_Is_Fun/target/classes:/Users/Thoughtworks/.m2/repository/org/hibernate/hibernate-core/4.0.1.Final/hibernate-core-4.0.1.Final.jar:/Users/Thoughtworks/.m2/repository/commons-collections/commons-collections/3.2.1/commons-collections-3.2.1.jar:/Users/Thoughtworks/.m2/repository/antlr/antlr/2.7.7/antlr-2.7.7.jar:/Users/Thoughtworks/.m2/repository/org/jboss/spec/javax/transaction/jboss-transaction-api_1.1_spec/1.0.0.Final/jboss-transaction-api_1.1_spec-1.0.0.Final.jar:/Users/Thoughtworks/.m2/repository/dom4j/dom4j/1.6.1/dom4j-1.6.1.jar:/Users/Thoughtworks/.m2/repository/xml-apis/xml-apis/1.0.b2/xml-apis-1.0.b2.jar:/Users/Thoughtworks/.m2/repository/org/hibernate/javax/persistence/hibernate-jpa-2.0-api/1.0.1.Final/hibernate-jpa-2.0-api-1.0.1.Final.jar:/Users/Thoughtworks/.m2/repository/org/jboss/logging/jboss-logging/3.1.0.CR2/jboss-logging-3.1.0.CR2.jar:/Users/Thoughtworks/.m2/repository/org/javassist/javassist/3.15.0-GA/javassist-3.15.0-GA.jar:/Users/Thoughtworks/.m2/repository/org/hibernate/common/hibernate-commons-annotations/4.0.1.Final/hibernate-commons-annotations-4.0.1.Final.jar:/Users/Thoughtworks/.m2/repository/junit/junit/4.8.1/junit-4.8.1.jar:/Users/Thoughtworks/.m2/repository/org/springframework/spring-core/3.1.0.RELEASE/spring-core-3.1.0.RELEASE.jar:/Users/Thoughtworks/.m2/repository/org/springframework/spring-asm/3.1.0.RELEASE/spring-asm-3.1.0.RELEASE.jar:/Users/Thoughtworks/.m2/repository/commons-logging/commons-logging/1.1.1/commons-logging-1.1.1.jar:/Users/Thoughtworks/.m2/repository/org/springframework/spring-webmvc/3.1.0.RELEASE/spring-webmvc-3.1.0.RELEASE.jar:/Users/Thoughtworks/.m2/repository/org/springframework/spring-beans/3.1.0.RELEASE/spring-beans-3.1.0.RELEASE.jar:/Users/Thoughtworks/.m2/repository/org/springframework/spring-context/3.1.0.RELEASE/spring-context-3.1.0.RELEASE.jar:/Users/Thoughtworks/.m2/repository/org/springframework/spring-aop/3.1.0.RELEASE/spring-aop-3.1.0.RELEASE.jar:/Users/Thoughtworks/.m2/repository/org/springframework/spring-context-support/3.1.0.RELEASE/spring-context-support-3.1.0.RELEASE.jar:/Users/Thoughtworks/.m2/repository/org/springframework/spring-expression/3.1.0.RELEASE/spring-expression-3.1.0.RELEASE.jar:/Users/Thoughtworks/.m2/repository/org/springframework/spring-web/3.1.0.RELEASE/spring-web-3.1.0.RELEASE.jar:/Users/Thoughtworks/.m2/repository/aopalliance/aopalliance/1.0/aopalliance-1.0.jar:/Users/Thoughtworks/.m2/repository/org/springframework/spring-test/3.1.0.RELEASE/spring-test-3.1.0.RELEASE.jar:/Users/Thoughtworks/.m2/repository/commons-dbcp/commons-dbcp/1.4/commons-dbcp-1.4.jar:/Users/Thoughtworks/.m2/repository/commons-pool/commons-pool/1.5.4/commons-pool-1.5.4.jar:/Users/Thoughtworks/.m2/repository/org/springframework/spring-orm/3.1.0.RELEASE/spring-orm-3.1.0.RELEASE.jar:/Users/Thoughtworks/.m2/repository/org/springframework/spring-jdbc/3.1.0.RELEASE/spring-jdbc-3.1.0.RELEASE.jar:/Users/Thoughtworks/.m2/repository/org/springframework/spring-tx/3.1.0.RELEASE/spring-tx-3.1.0.RELEASE.jar:/Users/Thoughtworks/.m2/repository/com/h2database/h2/1.2.145/h2-1.2.145.jar:/Users/Thoughtworks/.m2/repository/cglib/cglib/2.2.2/cglib-2.2.2.jar:/Users/Thoughtworks/.m2/repository/asm/asm/3.3.1/asm-3.3.1.jar:"/>
    <property name="java.specification.name" value="Java Platform API Specification"/>
    <property name="java.class.version" value="50.0"/>
    <property name="sun.management.compiler" value="HotSpot 64-Bit Tiered Compilers"/>
    <property name="os.version" value="10.7.3"/>
    <property name="http.nonProxyHosts" value="local|*.local|169.254/16|*.169.254/16"/>
    <property name="user.home" value="/Users/Thoughtworks"/>
    <property name="user.timezone" value="America/Chicago"/>
    <property name="java.awt.printerjob" value="apple.awt.CPrinterJob"/>
    <property name="java.specification.version" value="1.6"/>
    <property name="file.encoding" value="MacRoman"/>
    <property name="user.name" value="Thoughtworks"/>
    <property name="java.class.path" value="/Users/Thoughtworks/Desktop/Projects/Spring_Is_Fun/target/test-classes:/Users/Thoughtworks/Desktop/Projects/Spring_Is_Fun/target/classes:/Users/Thoughtworks/.m2/repository/org/hibernate/hibernate-core/4.0.1.Final/hibernate-core-4.0.1.Final.jar:/Users/Thoughtworks/.m2/repository/commons-collections/commons-collections/3.2.1/commons-collections-3.2.1.jar:/Users/Thoughtworks/.m2/repository/antlr/antlr/2.7.7/antlr-2.7.7.jar:/Users/Thoughtworks/.m2/repository/org/jboss/spec/javax/transaction/jboss-transaction-api_1.1_spec/1.0.0.Final/jboss-transaction-api_1.1_spec-1.0.0.Final.jar:/Users/Thoughtworks/.m2/repository/dom4j/dom4j/1.6.1/dom4j-1.6.1.jar:/Users/Thoughtworks/.m2/repository/xml-apis/xml-apis/1.0.b2/xml-apis-1.0.b2.jar:/Users/Thoughtworks/.m2/repository/org/hibernate/javax/persistence/hibernate-jpa-2.0-api/1.0.1.Final/hibernate-jpa-2.0-api-1.0.1.Final.jar:/Users/Thoughtworks/.m2/repository/org/jboss/logging/jboss-logging/3.1.0.CR2/jboss-logging-3.1.0.CR2.jar:/Users/Thoughtworks/.m2/repository/org/javassist/javassist/3.15.0-GA/javassist-3.15.0-GA.jar:/Users/Thoughtworks/.m2/repository/org/hibernate/common/hibernate-commons-annotations/4.0.1.Final/hibernate-commons-annotations-4.0.1.Final.jar:/Users/Thoughtworks/.m2/repository/junit/junit/4.8.1/junit-4.8.1.jar:/Users/Thoughtworks/.m2/repository/org/springframework/spring-core/3.1.0.RELEASE/spring-core-3.1.0.RELEASE.jar:/Users/Thoughtworks/.m2/repository/org/springframework/spring-asm/3.1.0.RELEASE/spring-asm-3.1.0.RELEASE.jar:/Users/Thoughtworks/.m2/repository/commons-logging/commons-logging/1.1.1/commons-logging-1.1.1.jar:/Users/Thoughtworks/.m2/repository/org/springframework/spring-webmvc/3.1.0.RELEASE/spring-webmvc-3.1.0.RELEASE.jar:/Users/Thoughtworks/.m2/repository/org/springframework/spring-beans/3.1.0.RELEASE/spring-beans-3.1.0.RELEASE.jar:/Users/Thoughtworks/.m2/repository/org/springframework/spring-context/3.1.0.RELEASE/spring-context-3.1.0.RELEASE.jar:/Users/Thoughtworks/.m2/repository/org/springframework/spring-aop/3.1.0.RELEASE/spring-aop-3.1.0.RELEASE.jar:/Users/Thoughtworks/.m2/repository/org/springframework/spring-context-support/3.1.0.RELEASE/spring-context-support-3.1.0.RELEASE.jar:/Users/Thoughtworks/.m2/repository/org/springframework/spring-expression/3.1.0.RELEASE/spring-expression-3.1.0.RELEASE.jar:/Users/Thoughtworks/.m2/repository/org/springframework/spring-web/3.1.0.RELEASE/spring-web-3.1.0.RELEASE.jar:/Users/Thoughtworks/.m2/repository/aopalliance/aopalliance/1.0/aopalliance-1.0.jar:/Users/Thoughtworks/.m2/repository/org/springframework/spring-test/3.1.0.RELEASE/spring-test-3.1.0.RELEASE.jar:/Users/Thoughtworks/.m2/repository/commons-dbcp/commons-dbcp/1.4/commons-dbcp-1.4.jar:/Users/Thoughtworks/.m2/repository/commons-pool/commons-pool/1.5.4/commons-pool-1.5.4.jar:/Users/Thoughtworks/.m2/repository/org/springframework/spring-orm/3.1.0.RELEASE/spring-orm-3.1.0.RELEASE.jar:/Users/Thoughtworks/.m2/repository/org/springframework/spring-jdbc/3.1.0.RELEASE/spring-jdbc-3.1.0.RELEASE.jar:/Users/Thoughtworks/.m2/repository/org/springframework/spring-tx/3.1.0.RELEASE/spring-tx-3.1.0.RELEASE.jar:/Users/Thoughtworks/.m2/repository/com/h2database/h2/1.2.145/h2-1.2.145.jar:/Users/Thoughtworks/.m2/repository/cglib/cglib/2.2.2/cglib-2.2.2.jar:/Users/Thoughtworks/.m2/repository/asm/asm/3.3.1/asm-3.3.1.jar:"/>
    <property name="java.vm.specification.version" value="1.0"/>
    <property name="sun.arch.data.model" value="64"/>
    <property name="java.home" value="/System/Library/Java/JavaVirtualMachines/1.6.0.jdk/Contents/Home"/>
    <property name="sun.java.command" value="/Users/Thoughtworks/Desktop/Projects/Spring_Is_Fun/target/surefire/surefirebooter798871756417173914.jar /Users/Thoughtworks/Desktop/Projects/Spring_Is_Fun/target/surefire/surefire3525021480697041325tmp /Users/Thoughtworks/Desktop/Projects/Spring_Is_Fun/target/surefire/surefire8503564139082005835tmp"/>
    <property name="java.specification.vendor" value="Sun Microsystems Inc."/>
    <property name="user.language" value="en"/>
    <property name="awt.toolkit" value="apple.awt.CToolkit"/>
    <property name="java.vm.info" value="mixed mode"/>
    <property name="java.version" value="1.6.0_29"/>
    <property name="java.ext.dirs" value="/Library/Java/Extensions:/System/Library/Java/Extensions:/System/Library/Java/JavaVirtualMachines/1.6.0.jdk/Contents/Home/lib/ext"/>
    <property name="sun.boot.class.path" value="/System/Library/Java/JavaVirtualMachines/1.6.0.jdk/Contents/Classes/jsfd.jar:/System/Library/Java/JavaVirtualMachines/1.6.0.jdk/Contents/Classes/classes.jar:/System/Library/Frameworks/JavaVM.framework/Frameworks/JavaRuntimeSupport.framework/Resources/Java/JavaRuntimeSupport.jar:/System/Library/Java/JavaVirtualMachines/1.6.0.jdk/Contents/Classes/ui.jar:/System/Library/Java/JavaVirtualMachines/1.6.0.jdk/Contents/Classes/laf.jar:/System/Library/Java/JavaVirtualMachines/1.6.0.jdk/Contents/Classes/sunrsasign.jar:/System/Library/Java/JavaVirtualMachines/1.6.0.jdk/Contents/Classes/jsse.jar:/System/Library/Java/JavaVirtualMachines/1.6.0.jdk/Contents/Classes/jce.jar:/System/Library/Java/JavaVirtualMachines/1.6.0.jdk/Contents/Classes/charsets.jar"/>
    <property name="java.vendor" value="Apple Inc."/>
    <property name="localRepository" value="/Users/Thoughtworks/.m2/repository"/>
    <property name="file.separator" value="/"/>
    <property name="java.vendor.url.bug" value="http://bugreport.apple.com/"/>
    <property name="sun.cpu.endian" value="little"/>
    <property name="sun.io.unicode.encoding" value="UnicodeLittle"/>
    <property name="mrj.version" value="1070.1.6.0_29-402"/>
    <property name="socksNonProxyHosts" value="local|*.local|169.254/16|*.169.254/16"/>
    <property name="ftp.nonProxyHosts" value="local|*.local|169.254/16|*.169.254/16"/>
    <property name="sun.cpu.isalist" value=""/>
  </properties>
  <testcase time="1.516" classname="mspace.service.BookServiceTest" name="shouldCreateBook"/>
  <testcase time="0.145" classname="mspace.service.BookServiceTest" name="shouldGetBook"/>
</testsuite>